<?xml version="1.0" encoding="UTF-8"?>
<testsuite name="Purchase a product" tests="1" skipped="0" failures="1" errors="0" timestamp="2023-04-04T21:12:30" hostname="DESKTOP-CTLAMR7" time="36.851">
  <properties/>
  <testcase name="Purchase a product" classname="Purchase a product" time="36.851">
    <failure message="io.cucumber.junit.UndefinedStepException: The step 'User selects the cheapest item to buy' and 1 other step(s) are undefined.&#10;You can implement these steps using the snippet(s) below:&#10;&#10;@When(&quot;User selects the cheapest item to buy&quot;)&#10;public void userSelectsTheCheapestItemToBuy() {&#10;    // Write code here that turns the phrase above into concrete actions&#10;    throw new io.cucumber.java.PendingException();&#10;}&#10;@Then(&quot;User should see a oncfirmation message of the purchase&quot;)&#10;public void userShouldSeeAOncfirmationMessageOfThePurchase() {&#10;    // Write code here that turns the phrase above into concrete actions&#10;    throw new io.cucumber.java.PendingException();&#10;}&#10;" type="io.cucumber.junit.UndefinedStepException">io.cucumber.junit.UndefinedStepException: The step 'User selects the cheapest item to buy' and 1 other step(s) are undefined.
You can implement these steps using the snippet(s) below:

@When(&quot;User selects the cheapest item to buy&quot;)
public void userSelectsTheCheapestItemToBuy() {
    // Write code here that turns the phrase above into concrete actions
    throw new io.cucumber.java.PendingException();
}
@Then(&quot;User should see a oncfirmation message of the purchase&quot;)
public void userShouldSeeAOncfirmationMessageOfThePurchase() {
    // Write code here that turns the phrase above into concrete actions
    throw new io.cucumber.java.PendingException();
}

</failure>
  </testcase>
  <system-out><![CDATA[]]></system-out>
  <system-err><![CDATA[[Test worker] INFO io.cucumber.core.plugin.SerenityReporter - Running feature from file:///C:/Users/usuario/Desktop/Appium%20Ios/AppiumScreenplayBrowserStackiOS/src/test/resources/features/compraproducto.feature
[Test worker] INFO  - 
  _____   ___   ___   _____     ___   _____     _     ___   _____   ___   ___  
 |_   _| | __| / __| |_   _|   / __| |_   _|   /_\   | _ \ |_   _| | __| |   \ 
   | |   | _|  \__ \   | |     \__ \   | |    / _ \  |   /   | |   | _|  | |) |
   |_|   |___| |___/   |_|     |___/   |_|   /_/ \_\ |_|_\   |_|   |___| |___/ 

Purchase a product(purchase-a-product;purchase-a-product)
--------------------------------------------------------------------------------
[Test worker] INFO net.thucydides.core.model.TestOutcome - SetUserStory Purchase a product
[Test worker] INFO net.thucydides.core.model.TestOutcome - SetUserStory Purchase a product
abr 04, 2023 4:12:52 PM io.appium.java_client.remote.AppiumCommandExecutor$1 lambda$0
INFORMACIÃ“N: Detected dialect: OSS
[Test worker] INFO  - 
  _____   ___   ___   _____     ___   ___   _  _   ___    ___   _  _    ___ 
 |_   _| | __| / __| |_   _|   | _ \ | __| | \| | |   \  |_ _| | \| |  / __|
   | |   | _|  \__ \   | |     |  _/ | _|  | .` | | |) |  | |  | .` | | (_ |
   |_|   |___| |___/   |_|     |_|   |___| |_|\_| |___/  |___| |_|\_|  \___|

Purchase a product
-----------------------------------------------------------------------------
]]></system-err>
</testsuite>
